<?xml version="1.0" encoding="UTF-8"?>
<!-- Generated by org.testng.reporters.JUnitReportReporter -->
<testsuite hostname="LAPTOP-BFM5BG7L" failures="0" tests="6" name="Test_Amazon.TestRating" time="30.606" errors="0" timestamp="2023-02-20T10:53:24 IST" skipped="0">
  <testcase classname="Test_Amazon.TestRating" name="searchSubjects" time="4.023"/>
  <system-out/>
  <testcase classname="Test_Amazon.TestRating" name="searchSubjects" time="5.109"/>
  <system-out/>
  <testcase classname="Test_Amazon.TestRating" name="searchSubjects" time="5.039"/>
  <system-out/>
  <testcase classname="Test_Amazon.TestRating" name="searchSubjects" time="4.947"/>
  <system-out/>
  <testcase classname="Test_Amazon.TestRating" name="searchSubjects" time="2.729"/>
  <system-out/>
  <testcase classname="Test_Amazon.TestRating" name="searchSubjects" time="8.759"/>
  <system-out/>
</testsuite> <!-- Test_Amazon.TestRating -->
