<?xml version="1.0" encoding="UTF-8"?>
<!-- Generated by org.testng.reporters.JUnitReportReporter -->
<testsuite hostname="LAPTOP-BFM5BG7L" failures="0" tests="6" name="Test_Amazon.TestRating" time="20.077" errors="0" timestamp="2023-02-20T04:32:16 IST" skipped="0">
  <testcase classname="Test_Amazon.TestRating" name="searchSubjects" time="3.676"/>
  <system-out/>
  <testcase classname="Test_Amazon.TestRating" name="searchSubjects" time="4.333"/>
  <system-out/>
  <testcase classname="Test_Amazon.TestRating" name="searchSubjects" time="3.267"/>
  <system-out/>
  <testcase classname="Test_Amazon.TestRating" name="searchSubjects" time="2.463"/>
  <system-out/>
  <testcase classname="Test_Amazon.TestRating" name="searchSubjects" time="3.570"/>
  <system-out/>
  <testcase classname="Test_Amazon.TestRating" name="searchSubjects" time="2.768"/>
  <system-out/>
</testsuite> <!-- Test_Amazon.TestRating -->
