<?xml version="1.0" encoding="UTF-8"?>
<!-- Generated by org.testng.reporters.JUnitReportReporter -->
<testsuite hostname="LAPTOP-BFM5BG7L" failures="0" tests="1" name="Test_Amazon.Login_Test" time="4.006" errors="0" timestamp="2023-02-20T04:32:16 IST" skipped="0">
  <testcase classname="Test_Amazon.Login_Test" name="testLogin" time="4.006"/>
  <system-out/>
</testsuite> <!-- Test_Amazon.Login_Test -->
