<?xml version="1.0" encoding="UTF-8"?>
<!-- Generated by org.testng.reporters.JUnitReportReporter -->
<testsuite hostname="LAPTOP-BFM5BG7L" failures="0" tests="1" name="Test_Udemy.AmazonTest" time="43.037" errors="0" timestamp="2023-02-08T04:47:54 IST" skipped="0">
  <testcase classname="Test_Udemy.AmazonTest" name="test1" time="43.037"/>
  <system-out/>
</testsuite> <!-- Test_Udemy.AmazonTest -->
