<?xml version="1.0" encoding="UTF-8"?>
<!-- Generated by org.testng.reporters.JUnitReportReporter -->
<testsuite hostname="LAPTOP-BFM5BG7L" failures="0" tests="1" name="Test_Amazon.Login_Test" time="2.983" errors="0" timestamp="2023-02-20T10:53:24 IST" skipped="0">
  <testcase classname="Test_Amazon.Login_Test" name="testLogin" time="2.983"/>
  <system-out/>
</testsuite> <!-- Test_Amazon.Login_Test -->
